internal/modules/cjs/loader.js:638
    throw err;
    ^

Error: Cannot find module '/root/server.js'
    at Function.Module._resolveFilename (internal/modules/cjs/loader.js:636:15)
    at Function.Module._load (internal/modules/cjs/loader.js:562:25)
    at Function.Module.runMain (internal/modules/cjs/loader.js:831:12)
    at startup (internal/bootstrap/node.js:283:19)
    at bootstrapNodeJSCore (internal/bootstrap/node.js:623:3)
{ '140058710599925760': { life: 40, name: 'Shaun' } }
ShaunJSBot is online!
41
{ '140058710599925760': { life: 41, name: 'Shaun' } }
40
{ '140058710599925760': { life: 40, name: 'Shaun' } }
{}
{ '140058710599925760': { life: 40, name: 'Shaun' } }
52
{ '140058710599925760': { life: 52, name: 'Shaun' } }
{}
Im listening on port 8080
{}
/
{ '140058710599925760': { life: 40, name: 'Shaun' } }
45
{ '140058710599925760': { life: 45, name: 'Shaun' } }
{}
/
